<?xml version="1.0" encoding="UTF-8"?>
<testng-results ignored="0" total="16" passed="16" failed="0" skipped="0">
  <reporter-output>
  </reporter-output>
  <suite started-at="2022-12-20T17:02:41 IST" name="Suite" finished-at="2022-12-20T17:03:17 IST" duration-ms="35821">
    <groups>
    </groups>
    <test started-at="2022-12-20T17:02:41 IST" name="Test" finished-at="2022-12-20T17:03:17 IST" duration-ms="35821">
      <class name="create_Deal.Deal_Information">
        <test-method is-config="true" signature="browserSetup()[pri:0, instance:create_Deal.Deal_Information@71809907]" started-at="2022-12-20T17:02:41 IST" name="browserSetup" finished-at="2022-12-20T17:02:57 IST" duration-ms="15906" status="PASS">
          <reporter-output>
          </reporter-output>
        </test-method> <!-- browserSetup -->
        <test-method signature="TC_1()[pri:0, instance:create_Deal.Deal_Information@71809907]" started-at="2022-12-20T17:02:57 IST" name="TC_1" description="Building name" finished-at="2022-12-20T17:02:59 IST" duration-ms="1349" status="PASS">
          <reporter-output>
          </reporter-output>
        </test-method> <!-- TC_1 -->
        <test-method signature="TC_2()[pri:1, instance:create_Deal.Deal_Information@71809907]" started-at="2022-12-20T17:02:59 IST" name="TC_2" description="Micromarket" finished-at="2022-12-20T17:03:00 IST" duration-ms="1226" status="PASS">
          <reporter-output>
          </reporter-output>
        </test-method> <!-- TC_2 -->
        <test-method signature="TC_3()[pri:2, instance:create_Deal.Deal_Information@71809907]" started-at="2022-12-20T17:03:00 IST" name="TC_3" description="City" finished-at="2022-12-20T17:03:01 IST" duration-ms="1156" status="PASS">
          <reporter-output>
          </reporter-output>
        </test-method> <!-- TC_3 -->
        <test-method signature="TC_4()[pri:3, instance:create_Deal.Deal_Information@71809907]" started-at="2022-12-20T17:03:01 IST" name="TC_4" description="Landlord" finished-at="2022-12-20T17:03:02 IST" duration-ms="1364" status="PASS">
          <reporter-output>
          </reporter-output>
        </test-method> <!-- TC_4 -->
        <test-method signature="TC_5()[pri:4, instance:create_Deal.Deal_Information@71809907]" started-at="2022-12-20T17:03:02 IST" name="TC_5" description="Total building floors" finished-at="2022-12-20T17:03:04 IST" duration-ms="1177" status="PASS">
          <reporter-output>
          </reporter-output>
        </test-method> <!-- TC_5 -->
        <test-method signature="TC_6()[pri:5, instance:create_Deal.Deal_Information@71809907]" started-at="2022-12-20T17:03:04 IST" name="TC_6" description="Lease terms" finished-at="2022-12-20T17:03:05 IST" duration-ms="1149" status="PASS">
          <reporter-output>
          </reporter-output>
        </test-method> <!-- TC_6 -->
        <test-method signature="TC_7()[pri:6, instance:create_Deal.Deal_Information@71809907]" started-at="2022-12-20T17:03:05 IST" name="TC_7" description="Dropdown - NNN/CAM" finished-at="2022-12-20T17:03:06 IST" duration-ms="1197" status="PASS">
          <reporter-output>
          </reporter-output>
        </test-method> <!-- TC_7 -->
        <test-method signature="TC_8()[pri:7, instance:create_Deal.Deal_Information@71809907]" started-at="2022-12-20T17:03:06 IST" name="TC_8" description="Building OPEX" finished-at="2022-12-20T17:03:07 IST" duration-ms="1137" status="PASS">
          <reporter-output>
          </reporter-output>
        </test-method> <!-- TC_8 -->
        <test-method signature="TC_9()[pri:8, instance:create_Deal.Deal_Information@71809907]" started-at="2022-12-20T17:03:07 IST" name="TC_9" description="Expected sale price" finished-at="2022-12-20T17:03:08 IST" duration-ms="1247" status="PASS">
          <reporter-output>
          </reporter-output>
        </test-method> <!-- TC_9 -->
        <test-method signature="TC_10()[pri:9, instance:create_Deal.Deal_Information@71809907]" started-at="2022-12-20T17:03:08 IST" name="TC_10" description="Micromarket rent" finished-at="2022-12-20T17:03:10 IST" duration-ms="1223" status="PASS">
          <reporter-output>
          </reporter-output>
        </test-method> <!-- TC_10 -->
        <test-method signature="TC_11()[pri:10, instance:create_Deal.Deal_Information@71809907]" started-at="2022-12-20T17:03:10 IST" name="TC_11" description="Parking slots" finished-at="2022-12-20T17:03:11 IST" duration-ms="1169" status="PASS">
          <reporter-output>
          </reporter-output>
        </test-method> <!-- TC_11 -->
        <test-method signature="TC_12()[pri:11, instance:create_Deal.Deal_Information@71809907]" started-at="2022-12-20T17:03:11 IST" name="TC_12" description="Service revenue demand back" finished-at="2022-12-20T17:03:12 IST" duration-ms="1171" status="PASS">
          <reporter-output>
          </reporter-output>
        </test-method> <!-- TC_12 -->
        <test-method signature="TC_13()[pri:12, instance:create_Deal.Deal_Information@71809907]" started-at="2022-12-20T17:03:12 IST" name="TC_13" description="Service revenue speculative" finished-at="2022-12-20T17:03:13 IST" duration-ms="1148" status="PASS">
          <reporter-output>
          </reporter-output>
        </test-method> <!-- TC_13 -->
        <test-method signature="TC_14()[pri:13, instance:create_Deal.Deal_Information@71809907]" started-at="2022-12-20T17:03:13 IST" name="TC_14" description="Cost inflation" finished-at="2022-12-20T17:03:14 IST" duration-ms="1177" status="PASS">
          <reporter-output>
          </reporter-output>
        </test-method> <!-- TC_14 -->
        <test-method signature="TC_15()[pri:14, instance:create_Deal.Deal_Information@71809907]" started-at="2022-12-20T17:03:14 IST" name="TC_15" description="Total building RSF" finished-at="2022-12-20T17:03:16 IST" duration-ms="1180" status="PASS">
          <reporter-output>
          </reporter-output>
        </test-method> <!-- TC_15 -->
        <test-method signature="TC_16()[pri:15, instance:create_Deal.Deal_Information@71809907]" started-at="2022-12-20T17:03:16 IST" name="TC_16" description="Next button" finished-at="2022-12-20T17:03:17 IST" duration-ms="1475" status="PASS">
          <reporter-output>
          </reporter-output>
        </test-method> <!-- TC_16 -->
        <test-method is-config="true" signature="tearDown()[pri:0, instance:create_Deal.Deal_Information@71809907]" started-at="2022-12-20T17:03:17 IST" name="tearDown" finished-at="2022-12-20T17:03:17 IST" duration-ms="219" status="PASS">
          <reporter-output>
          </reporter-output>
        </test-method> <!-- tearDown -->
      </class> <!-- create_Deal.Deal_Information -->
    </test> <!-- Test -->
  </suite> <!-- Suite -->
</testng-results>
